<?xml version="1.0" encoding="UTF-8"?>
<trace:TraceModel xmi:version="2.0"
    xmlns:xmi="http://www.omg.org/XMI"
    xmlns:trace="http://www.eclipse.org/gmf/2006/Trace">
  <nodeTraces
      visualID="2001"
      queryText="(let _eClass_:ecore::EClass = modelFacet.metaClass.ecoreClass in _eClass_.ePackage.nsURI = 'aladim' and _eClass_.name = 'domainFunction') and (let _containmentMF_:ecore::EStructuralFeature = modelFacet.containmentMetaFeature.ecoreFeature in (let _eClass_:ecore::EClass = _containmentMF_.eContainingClass in _eClass_.ePackage.nsURI = 'aladim' and _eClass_.name = 'interfaceModel') and _containmentMF_.name = 'domainFunctions')">
    <nodeLabelTraces
        visualID="5001"
        queryText="true"/>
  </nodeTraces>
  <nodeTraces
      visualID="2002"
      queryText="(let _eClass_:ecore::EClass = modelFacet.metaClass.ecoreClass in _eClass_.ePackage.nsURI = 'aladim' and _eClass_.name = 'interactionSpace') and (let _containmentMF_:ecore::EStructuralFeature = modelFacet.containmentMetaFeature.ecoreFeature in (let _eClass_:ecore::EClass = _containmentMF_.eContainingClass in _eClass_.ePackage.nsURI = 'aladim' and _eClass_.name = 'interfaceModel') and _containmentMF_.name = 'interactionSpaces')">
    <nodeLabelTraces
        visualID="5002"
        queryText="true"/>
    <compartmentTraces
        visualID="7001"
        queryText="true"/>
  </nodeTraces>
  <childNodeTraces
      visualID="3002"
      queryText="(let _eClass_:ecore::EClass = modelFacet.metaClass.ecoreClass in _eClass_.ePackage.nsURI = 'aladim' and _eClass_.name = 'enterInformation') and (let _containmentMF_:ecore::EStructuralFeature = modelFacet.containmentMetaFeature.ecoreFeature in (let _eClass_:ecore::EClass = _containmentMF_.eContainingClass in _eClass_.ePackage.nsURI = 'aladim' and _eClass_.name = 'compositeInteraction') and _containmentMF_.name = 'basicInteractions')">
    <nodeLabelTraces
        visualID="5003"
        queryText="true"/>
  </childNodeTraces>
  <childNodeTraces
      visualID="3006"
      queryText="(let _eClass_:ecore::EClass = modelFacet.metaClass.ecoreClass in _eClass_.ePackage.nsURI = 'aladim' and _eClass_.name = 'join') and (let _containmentMF_:ecore::EStructuralFeature = modelFacet.containmentMetaFeature.ecoreFeature in (let _eClass_:ecore::EClass = _containmentMF_.eContainingClass in _eClass_.ePackage.nsURI = 'aladim' and _eClass_.name = 'interactionSpace') and _containmentMF_.name = 'interactions')">
    <compartmentTraces
        visualID="7005"
        queryText="true"/>
  </childNodeTraces>
  <childNodeTraces
      visualID="3007"
      queryText="(let _eClass_:ecore::EClass = modelFacet.metaClass.ecoreClass in _eClass_.ePackage.nsURI = 'aladim' and _eClass_.name = 'enterInformation') and (let _containmentMF_:ecore::EStructuralFeature = modelFacet.containmentMetaFeature.ecoreFeature in (let _eClass_:ecore::EClass = _containmentMF_.eContainingClass in _eClass_.ePackage.nsURI = 'aladim' and _eClass_.name = 'interactionSpace') and _containmentMF_.name = 'interactions')">
    <nodeLabelTraces
        visualID="5005"
        queryText="true"/>
  </childNodeTraces>
  <childNodeTraces
      visualID="3008"
      queryText="(let _eClass_:ecore::EClass = modelFacet.metaClass.ecoreClass in _eClass_.ePackage.nsURI = 'aladim' and _eClass_.name = 'join') and (let _containmentMF_:ecore::EStructuralFeature = modelFacet.containmentMetaFeature.ecoreFeature in (let _eClass_:ecore::EClass = _containmentMF_.eContainingClass in _eClass_.ePackage.nsURI = 'aladim' and _eClass_.name = 'compositeInteraction') and _containmentMF_.name = 'composites')">
    <compartmentTraces
        visualID="7006"
        queryText="true"/>
  </childNodeTraces>
  <childNodeTraces
      visualID="3009"
      queryText="(let _eClass_:ecore::EClass = modelFacet.metaClass.ecoreClass in _eClass_.ePackage.nsURI = 'aladim' and _eClass_.name = 'sequence') and (let _containmentMF_:ecore::EStructuralFeature = modelFacet.containmentMetaFeature.ecoreFeature in (let _eClass_:ecore::EClass = _containmentMF_.eContainingClass in _eClass_.ePackage.nsURI = 'aladim' and _eClass_.name = 'interactionSpace') and _containmentMF_.name = 'interactions')">
    <compartmentTraces
        visualID="7007"
        queryText="true"/>
  </childNodeTraces>
  <childNodeTraces
      visualID="3010"
      queryText="(let _eClass_:ecore::EClass = modelFacet.metaClass.ecoreClass in _eClass_.ePackage.nsURI = 'aladim' and _eClass_.name = 'sequence') and (let _containmentMF_:ecore::EStructuralFeature = modelFacet.containmentMetaFeature.ecoreFeature in (let _eClass_:ecore::EClass = _containmentMF_.eContainingClass in _eClass_.ePackage.nsURI = 'aladim' and _eClass_.name = 'compositeInteraction') and _containmentMF_.name = 'composites')">
    <compartmentTraces
        visualID="7008"
        queryText="true"/>
  </childNodeTraces>
  <childNodeTraces
      visualID="3011"
      queryText="(let _eClass_:ecore::EClass = modelFacet.metaClass.ecoreClass in _eClass_.ePackage.nsURI = 'aladim' and _eClass_.name = 'selectInformation') and (let _containmentMF_:ecore::EStructuralFeature = modelFacet.containmentMetaFeature.ecoreFeature in (let _eClass_:ecore::EClass = _containmentMF_.eContainingClass in _eClass_.ePackage.nsURI = 'aladim' and _eClass_.name = 'compositeInteraction') and _containmentMF_.name = 'basicInteractions')">
    <nodeLabelTraces
        visualID="5006"
        queryText="true"/>
  </childNodeTraces>
  <childNodeTraces
      visualID="3012"
      queryText="(let _eClass_:ecore::EClass = modelFacet.metaClass.ecoreClass in _eClass_.ePackage.nsURI = 'aladim' and _eClass_.name = 'selectInformation') and (let _containmentMF_:ecore::EStructuralFeature = modelFacet.containmentMetaFeature.ecoreFeature in (let _eClass_:ecore::EClass = _containmentMF_.eContainingClass in _eClass_.ePackage.nsURI = 'aladim' and _eClass_.name = 'interactionSpace') and _containmentMF_.name = 'interactions')">
    <nodeLabelTraces
        visualID="5007"
        queryText="true"/>
  </childNodeTraces>
  <childNodeTraces
      visualID="3013"
      queryText="(let _eClass_:ecore::EClass = modelFacet.metaClass.ecoreClass in _eClass_.ePackage.nsURI = 'aladim' and _eClass_.name = 'choose') and (let _containmentMF_:ecore::EStructuralFeature = modelFacet.containmentMetaFeature.ecoreFeature in (let _eClass_:ecore::EClass = _containmentMF_.eContainingClass in _eClass_.ePackage.nsURI = 'aladim' and _eClass_.name = 'interactionSpace') and _containmentMF_.name = 'interactions')">
    <compartmentTraces
        visualID="7009"
        queryText="true"/>
  </childNodeTraces>
  <childNodeTraces
      visualID="3014"
      queryText="(let _eClass_:ecore::EClass = modelFacet.metaClass.ecoreClass in _eClass_.ePackage.nsURI = 'aladim' and _eClass_.name = 'choose') and (let _containmentMF_:ecore::EStructuralFeature = modelFacet.containmentMetaFeature.ecoreFeature in (let _eClass_:ecore::EClass = _containmentMF_.eContainingClass in _eClass_.ePackage.nsURI = 'aladim' and _eClass_.name = 'compositeInteraction') and _containmentMF_.name = 'composites')">
    <compartmentTraces
        visualID="7010"
        queryText="true"/>
  </childNodeTraces>
  <childNodeTraces
      visualID="3015"
      queryText="(let _eClass_:ecore::EClass = modelFacet.metaClass.ecoreClass in _eClass_.ePackage.nsURI = 'aladim' and _eClass_.name = 'perceiveInforrmation') and (let _containmentMF_:ecore::EStructuralFeature = modelFacet.containmentMetaFeature.ecoreFeature in (let _eClass_:ecore::EClass = _containmentMF_.eContainingClass in _eClass_.ePackage.nsURI = 'aladim' and _eClass_.name = 'interactionSpace') and _containmentMF_.name = 'interactions')">
    <nodeLabelTraces
        visualID="5008"
        queryText="true"/>
  </childNodeTraces>
  <childNodeTraces
      visualID="3016"
      queryText="(let _eClass_:ecore::EClass = modelFacet.metaClass.ecoreClass in _eClass_.ePackage.nsURI = 'aladim' and _eClass_.name = 'navigate') and (let _containmentMF_:ecore::EStructuralFeature = modelFacet.containmentMetaFeature.ecoreFeature in (let _eClass_:ecore::EClass = _containmentMF_.eContainingClass in _eClass_.ePackage.nsURI = 'aladim' and _eClass_.name = 'interactionSpace') and _containmentMF_.name = 'interactions')">
    <nodeLabelTraces
        visualID="5009"
        queryText="true"/>
  </childNodeTraces>
  <childNodeTraces
      visualID="3017"
      queryText="(let _eClass_:ecore::EClass = modelFacet.metaClass.ecoreClass in _eClass_.ePackage.nsURI = 'aladim' and _eClass_.name = 'activate') and (let _containmentMF_:ecore::EStructuralFeature = modelFacet.containmentMetaFeature.ecoreFeature in (let _eClass_:ecore::EClass = _containmentMF_.eContainingClass in _eClass_.ePackage.nsURI = 'aladim' and _eClass_.name = 'interactionSpace') and _containmentMF_.name = 'interactions')">
    <nodeLabelTraces
        visualID="5010"
        queryText="true"/>
  </childNodeTraces>
  <childNodeTraces
      visualID="3018"
      queryText="(let _eClass_:ecore::EClass = modelFacet.metaClass.ecoreClass in _eClass_.ePackage.nsURI = 'aladim' and _eClass_.name = 'perceiveInforrmation') and (let _containmentMF_:ecore::EStructuralFeature = modelFacet.containmentMetaFeature.ecoreFeature in (let _eClass_:ecore::EClass = _containmentMF_.eContainingClass in _eClass_.ePackage.nsURI = 'aladim' and _eClass_.name = 'compositeInteraction') and _containmentMF_.name = 'basicInteractions')">
    <nodeLabelTraces
        visualID="5011"
        queryText="true"/>
  </childNodeTraces>
  <childNodeTraces
      visualID="3019"
      queryText="(let _eClass_:ecore::EClass = modelFacet.metaClass.ecoreClass in _eClass_.ePackage.nsURI = 'aladim' and _eClass_.name = 'activate') and (let _containmentMF_:ecore::EStructuralFeature = modelFacet.containmentMetaFeature.ecoreFeature in (let _eClass_:ecore::EClass = _containmentMF_.eContainingClass in _eClass_.ePackage.nsURI = 'aladim' and _eClass_.name = 'compositeInteraction') and _containmentMF_.name = 'basicInteractions')">
    <nodeLabelTraces
        visualID="5012"
        queryText="true"/>
  </childNodeTraces>
  <childNodeTraces
      visualID="3020"
      queryText="(let _eClass_:ecore::EClass = modelFacet.metaClass.ecoreClass in _eClass_.ePackage.nsURI = 'aladim' and _eClass_.name = 'navigate') and (let _containmentMF_:ecore::EStructuralFeature = modelFacet.containmentMetaFeature.ecoreFeature in (let _eClass_:ecore::EClass = _containmentMF_.eContainingClass in _eClass_.ePackage.nsURI = 'aladim' and _eClass_.name = 'compositeInteraction') and _containmentMF_.name = 'basicInteractions')">
    <nodeLabelTraces
        visualID="5013"
        queryText="true"/>
  </childNodeTraces>
  <childNodeTraces
      visualID="3021"
      queryText="(let _eClass_:ecore::EClass = modelFacet.metaClass.ecoreClass in _eClass_.ePackage.nsURI = 'aladim' and _eClass_.name = 'combine') and (let _containmentMF_:ecore::EStructuralFeature = modelFacet.containmentMetaFeature.ecoreFeature in (let _eClass_:ecore::EClass = _containmentMF_.eContainingClass in _eClass_.ePackage.nsURI = 'aladim' and _eClass_.name = 'compositeInteraction') and _containmentMF_.name = 'composites')">
    <compartmentTraces
        visualID="7011"
        queryText="true"/>
  </childNodeTraces>
  <childNodeTraces
      visualID="3022"
      queryText="(let _eClass_:ecore::EClass = modelFacet.metaClass.ecoreClass in _eClass_.ePackage.nsURI = 'aladim' and _eClass_.name = 'repeat') and (let _containmentMF_:ecore::EStructuralFeature = modelFacet.containmentMetaFeature.ecoreFeature in (let _eClass_:ecore::EClass = _containmentMF_.eContainingClass in _eClass_.ePackage.nsURI = 'aladim' and _eClass_.name = 'compositeInteraction') and _containmentMF_.name = 'composites')">
    <compartmentTraces
        visualID="7012"
        queryText="true"/>
  </childNodeTraces>
  <childNodeTraces
      visualID="3023"
      queryText="(let _eClass_:ecore::EClass = modelFacet.metaClass.ecoreClass in _eClass_.ePackage.nsURI = 'aladim' and _eClass_.name = 'repeat') and (let _containmentMF_:ecore::EStructuralFeature = modelFacet.containmentMetaFeature.ecoreFeature in (let _eClass_:ecore::EClass = _containmentMF_.eContainingClass in _eClass_.ePackage.nsURI = 'aladim' and _eClass_.name = 'interactionSpace') and _containmentMF_.name = 'interactions')">
    <compartmentTraces
        visualID="7013"
        queryText="true"/>
  </childNodeTraces>
  <childNodeTraces
      visualID="3024"
      queryText="(let _eClass_:ecore::EClass = modelFacet.metaClass.ecoreClass in _eClass_.ePackage.nsURI = 'aladim' and _eClass_.name = 'combine') and (let _containmentMF_:ecore::EStructuralFeature = modelFacet.containmentMetaFeature.ecoreFeature in (let _eClass_:ecore::EClass = _containmentMF_.eContainingClass in _eClass_.ePackage.nsURI = 'aladim' and _eClass_.name = 'interactionSpace') and _containmentMF_.name = 'interactions')">
    <compartmentTraces
        visualID="7014"
        queryText="true"/>
  </childNodeTraces>
  <linkTraces
      visualID="4001"
      queryText="modelFacet.oclIsKindOf(gmfgen::TypeLinkModelFacet) and (let _eClass_:ecore::EClass = modelFacet.oclAsType(gmfgen::TypeLinkModelFacet).metaClass.ecoreClass in _eClass_.ePackage.nsURI = 'aladim' and _eClass_.name = 'transitionAction')">
    <linkLabelTraces
        visualID="6001"
        queryText="true"/>
  </linkTraces>
  <linkTraces
      visualID="4002"
      queryText="modelFacet.oclIsKindOf(gmfgen::TypeLinkModelFacet) and (let _eClass_:ecore::EClass = modelFacet.oclAsType(gmfgen::TypeLinkModelFacet).metaClass.ecoreClass in _eClass_.ePackage.nsURI = 'aladim' and _eClass_.name = 'transitionReactionSuccess')">
    <linkLabelTraces
        visualID="6002"
        queryText="true"/>
  </linkTraces>
  <linkTraces
      visualID="4003"
      queryText="modelFacet.oclIsKindOf(gmfgen::TypeLinkModelFacet) and (let _eClass_:ecore::EClass = modelFacet.oclAsType(gmfgen::TypeLinkModelFacet).metaClass.ecoreClass in _eClass_.ePackage.nsURI = 'aladim' and _eClass_.name = 'transitionReactionFail')">
    <linkLabelTraces
        visualID="6003"
        queryText="true"/>
  </linkTraces>
  <linkTraces
      visualID="4004"
      queryText="modelFacet.oclIsKindOf(gmfgen::TypeLinkModelFacet) and (let _eClass_:ecore::EClass = modelFacet.oclAsType(gmfgen::TypeLinkModelFacet).metaClass.ecoreClass in _eClass_.ePackage.nsURI = 'aladim' and _eClass_.name = 'transitionNavigation')">
    <linkLabelTraces
        visualID="6004"
        queryText="true"/>
  </linkTraces>
</trace:TraceModel>
